<?xml version="1.0" encoding="UTF-8"?>
<!-- Generated by org.testng.reporters.JUnitReportReporter -->
<testsuite hostname="INL-JCNZG63" failures="0" tests="7" name="lumaWebOperationsTest" time="44.112" errors="0" timestamp="2024-04-04T21:54:02 IST" skipped="0">
  <testcase classname="lumaWebOperationsTest" name="HomePageTitle" time="0.007"/>
  <testcase classname="lumaWebOperationsTest" name="SignIn" time="3.938"/>
  <testcase classname="lumaWebOperationsTest" name="myAccount" time="10.217"/>
  <testcase classname="lumaWebOperationsTest" name="visitHome" time="0.853"/>
  <testcase classname="lumaWebOperationsTest" name="myWishlist" time="13.988"/>
  <testcase classname="lumaWebOperationsTest" name="AddToCompare" time="15.002"/>
  <testcase classname="lumaWebOperationsTest" name="Cart" time="0.107"/>
</testsuite> <!-- lumaWebOperationsTest -->
